{"/Users/kdao/School/college-recommend/index.js":{"path":"/Users/kdao/School/college-recommend/index.js","s":{"1":1,"2":1,"3":1,"4":1,"5":1,"6":1},"b":{"1":[1,0]},"f":{"1":1},"fnMap":{"1":{"name":"(anonymous_1)","line":18,"loc":{"start":{"line":18,"column":18},"end":{"line":18,"column":29}}}},"statementMap":{"1":{"start":{"line":3,"column":0},"end":{"line":10,"column":36}},"2":{"start":{"line":13,"column":0},"end":{"line":13,"column":46}},"3":{"start":{"line":14,"column":0},"end":{"line":14,"column":27}},"4":{"start":{"line":16,"column":0},"end":{"line":16,"column":34}},"5":{"start":{"line":18,"column":0},"end":{"line":20,"column":3}},"6":{"start":{"line":19,"column":2},"end":{"line":19,"column":43}}},"branchMap":{"1":{"line":10,"type":"binary-expr","locations":[{"start":{"line":10,"column":11},"end":{"line":10,"column":27}},{"start":{"line":10,"column":31},"end":{"line":10,"column":35}}]}}},"/Users/kdao/School/college-recommend/controllers/index.js":{"path":"/Users/kdao/School/college-recommend/controllers/index.js","s":{"1":1,"2":1,"3":1,"4":1,"5":1,"6":1},"b":{},"f":{},"fnMap":{},"statementMap":{"1":{"start":{"line":3,"column":0},"end":{"line":5,"column":31}},"2":{"start":{"line":14,"column":0},"end":{"line":14,"column":35}},"3":{"start":{"line":16,"column":0},"end":{"line":16,"column":39}},"4":{"start":{"line":18,"column":0},"end":{"line":18,"column":49}},"5":{"start":{"line":20,"column":0},"end":{"line":20,"column":39}},"6":{"start":{"line":22,"column":0},"end":{"line":22,"column":24}}},"branchMap":{}},"/Users/kdao/School/college-recommend/controllers/home.js":{"path":"/Users/kdao/School/college-recommend/controllers/home.js","s":{"1":1,"2":1},"b":{},"f":{},"fnMap":{},"statementMap":{"1":{"start":{"line":3,"column":0},"end":{"line":5,"column":31}},"2":{"start":{"line":14,"column":0},"end":{"line":14,"column":24}}},"branchMap":{}},"/Users/kdao/School/college-recommend/controllers/data.js":{"path":"/Users/kdao/School/college-recommend/controllers/data.js","s":{"1":1,"2":1,"3":0,"4":0,"5":0,"6":0,"7":0,"8":0,"9":0,"10":0,"11":0,"12":0,"13":1,"14":0,"15":1},"b":{"1":[0,0],"2":[0,0],"3":[0,0],"4":[0,0]},"f":{"1":0,"2":0,"3":0,"4":0},"fnMap":{"1":{"name":"(anonymous_1)","line":16,"loc":{"start":{"line":16,"column":7},"end":{"line":16,"column":26}}},"2":{"name":"(anonymous_2)","line":23,"loc":{"start":{"line":23,"column":87},"end":{"line":23,"column":109}}},"3":{"name":"(anonymous_3)","line":40,"loc":{"start":{"line":40,"column":8},"end":{"line":40,"column":27}}},"4":{"name":"(anonymous_4)","line":46,"loc":{"start":{"line":46,"column":7},"end":{"line":46,"column":26}}}},"statementMap":{"1":{"start":{"line":7,"column":0},"end":{"line":12,"column":19}},"2":{"start":{"line":15,"column":0},"end":{"line":42,"column":5}},"3":{"start":{"line":17,"column":4},"end":{"line":22,"column":51}},"4":{"start":{"line":23,"column":4},"end":{"line":38,"column":7}},"5":{"start":{"line":24,"column":6},"end":{"line":37,"column":7}},"6":{"start":{"line":25,"column":8},"end":{"line":25,"column":51}},"7":{"start":{"line":27,"column":8},"end":{"line":27,"column":21}},"8":{"start":{"line":28,"column":8},"end":{"line":28,"column":42}},"9":{"start":{"line":30,"column":8},"end":{"line":32,"column":9}},"10":{"start":{"line":31,"column":10},"end":{"line":31,"column":42}},"11":{"start":{"line":33,"column":8},"end":{"line":36,"column":11}},"12":{"start":{"line":41,"column":4},"end":{"line":41,"column":39}},"13":{"start":{"line":45,"column":0},"end":{"line":48,"column":5}},"14":{"start":{"line":47,"column":4},"end":{"line":47,"column":41}},"15":{"start":{"line":50,"column":0},"end":{"line":50,"column":24}}},"branchMap":{"1":{"line":20,"type":"binary-expr","locations":[{"start":{"line":20,"column":16},"end":{"line":20,"column":31}},{"start":{"line":20,"column":35},"end":{"line":20,"column":37}}]},"2":{"line":21,"type":"binary-expr","locations":[{"start":{"line":21,"column":15},"end":{"line":21,"column":43}},{"start":{"line":21,"column":47},"end":{"line":21,"column":48}}]},"3":{"line":22,"type":"cond-expr","locations":[{"start":{"line":22,"column":36},"end":{"line":22,"column":40}},{"start":{"line":22,"column":43},"end":{"line":22,"column":50}}]},"4":{"line":24,"type":"if","locations":[{"start":{"line":24,"column":6},"end":{"line":24,"column":6}},{"start":{"line":24,"column":6},"end":{"line":24,"column":6}}]}}},"/Users/kdao/School/college-recommend/models/pull.js":{"path":"/Users/kdao/School/college-recommend/models/pull.js","s":{"1":1,"2":1,"3":1,"4":0,"5":0,"6":0,"7":0,"8":0,"9":0,"10":0,"11":1,"12":0,"13":0,"14":0,"15":0,"16":0,"17":1,"18":1},"b":{"1":[0,0],"2":[0,0],"3":[0,0],"4":[0,0],"5":[0,0]},"f":{"1":0,"2":0,"3":1},"fnMap":{"1":{"name":"getData","line":10,"loc":{"start":{"line":10,"column":0},"end":{"line":10,"column":49}}},"2":{"name":"getLoanData","line":48,"loc":{"start":{"line":48,"column":0},"end":{"line":48,"column":53}}},"3":{"name":"(anonymous_3)","line":65,"loc":{"start":{"line":65,"column":18},"end":{"line":65,"column":29}}}},"statementMap":{"1":{"start":{"line":7,"column":0},"end":{"line":7,"column":51}},"2":{"start":{"line":8,"column":0},"end":{"line":8,"column":45}},"3":{"start":{"line":10,"column":0},"end":{"line":34,"column":1}},"4":{"start":{"line":11,"column":2},"end":{"line":14,"column":48}},"5":{"start":{"line":15,"column":2},"end":{"line":15,"column":42}},"6":{"start":{"line":16,"column":2},"end":{"line":33,"column":3}},"7":{"start":{"line":17,"column":4},"end":{"line":17,"column":92}},"8":{"start":{"line":18,"column":4},"end":{"line":24,"column":30}},"9":{"start":{"line":26,"column":4},"end":{"line":26,"column":96}},"10":{"start":{"line":27,"column":4},"end":{"line":32,"column":30}},"11":{"start":{"line":48,"column":0},"end":{"line":63,"column":1}},"12":{"start":{"line":49,"column":2},"end":{"line":62,"column":3}},"13":{"start":{"line":50,"column":4},"end":{"line":50,"column":89}},"14":{"start":{"line":51,"column":4},"end":{"line":55,"column":30}},"15":{"start":{"line":57,"column":4},"end":{"line":57,"column":93}},"16":{"start":{"line":58,"column":4},"end":{"line":61,"column":30}},"17":{"start":{"line":65,"column":0},"end":{"line":69,"column":5}},"18":{"start":{"line":66,"column":2},"end":{"line":68,"column":4}}},"branchMap":{"1":{"line":14,"type":"cond-expr","locations":[{"start":{"line":14,"column":31},"end":{"line":14,"column":41}},{"start":{"line":14,"column":44},"end":{"line":14,"column":47}}]},"2":{"line":16,"type":"if","locations":[{"start":{"line":16,"column":2},"end":{"line":16,"column":2}},{"start":{"line":16,"column":2},"end":{"line":16,"column":2}}]},"3":{"line":16,"type":"binary-expr","locations":[{"start":{"line":16,"column":6},"end":{"line":16,"column":22}},{"start":{"line":16,"column":26},"end":{"line":16,"column":56}}]},"4":{"line":49,"type":"if","locations":[{"start":{"line":49,"column":2},"end":{"line":49,"column":2}},{"start":{"line":49,"column":2},"end":{"line":49,"column":2}}]},"5":{"line":49,"type":"binary-expr","locations":[{"start":{"line":49,"column":6},"end":{"line":49,"column":22}},{"start":{"line":49,"column":26},"end":{"line":49,"column":56}}]}}},"/Users/kdao/School/college-recommend/models/table.js":{"path":"/Users/kdao/School/college-recommend/models/table.js","s":{"1":1,"2":1,"3":0,"4":1,"5":1,"6":1,"7":1,"8":1},"b":{"1":[0,1]},"f":{},"fnMap":{},"statementMap":{"1":{"start":{"line":7,"column":0},"end":{"line":11,"column":41}},"2":{"start":{"line":13,"column":0},"end":{"line":21,"column":1}},"3":{"start":{"line":14,"column":2},"end":{"line":18,"column":5}},"4":{"start":{"line":20,"column":2},"end":{"line":20,"column":59}},"5":{"start":{"line":23,"column":0},"end":{"line":23,"column":25}},"6":{"start":{"line":25,"column":0},"end":{"line":53,"column":3}},"7":{"start":{"line":56,"column":0},"end":{"line":81,"column":3}},"8":{"start":{"line":83,"column":0},"end":{"line":86,"column":2}}},"branchMap":{"1":{"line":13,"type":"if","locations":[{"start":{"line":13,"column":0},"end":{"line":13,"column":0}},{"start":{"line":13,"column":0},"end":{"line":13,"column":0}}]}}},"/Users/kdao/School/college-recommend/config/config.js":{"path":"/Users/kdao/School/college-recommend/config/config.js","s":{"1":1},"b":{},"f":{},"fnMap":{},"statementMap":{"1":{"start":{"line":3,"column":0},"end":{"line":7,"column":2}}},"branchMap":{}},"/Users/kdao/School/college-recommend/controllers/recommend.js":{"path":"/Users/kdao/School/college-recommend/controllers/recommend.js","s":{"1":1,"2":1,"3":1},"b":{},"f":{"1":0},"fnMap":{"1":{"name":"(anonymous_1)","line":19,"loc":{"start":{"line":19,"column":7},"end":{"line":19,"column":26}}}},"statementMap":{"1":{"start":{"line":7,"column":0},"end":{"line":10,"column":37}},"2":{"start":{"line":18,"column":0},"end":{"line":21,"column":5}},"3":{"start":{"line":23,"column":0},"end":{"line":23,"column":24}}},"branchMap":{}},"/Users/kdao/School/college-recommend/controllers/feed.js":{"path":"/Users/kdao/School/college-recommend/controllers/feed.js","s":{"1":1,"2":1,"3":0,"4":1,"5":1,"6":1,"7":1,"8":1,"9":1,"10":0,"11":0,"12":0,"13":0,"14":0,"15":0,"16":0,"17":0,"18":0,"19":0,"20":0,"21":0,"22":0,"23":0,"24":0,"25":1},"b":{"1":[0,1],"2":[0,0],"3":[0,0],"4":[0,0]},"f":{"1":0,"2":0,"3":0,"4":0},"fnMap":{"1":{"name":"(anonymous_1)","line":37,"loc":{"start":{"line":37,"column":8},"end":{"line":37,"column":27}}},"2":{"name":"(anonymous_2)","line":42,"loc":{"start":{"line":42,"column":37},"end":{"line":42,"column":51}}},"3":{"name":"(anonymous_3)","line":48,"loc":{"start":{"line":48,"column":35},"end":{"line":48,"column":52}}},"4":{"name":"(anonymous_4)","line":50,"loc":{"start":{"line":50,"column":38},"end":{"line":50,"column":56}}}},"statementMap":{"1":{"start":{"line":7,"column":0},"end":{"line":16,"column":41}},"2":{"start":{"line":18,"column":0},"end":{"line":26,"column":1}},"3":{"start":{"line":19,"column":2},"end":{"line":23,"column":5}},"4":{"start":{"line":25,"column":2},"end":{"line":25,"column":59}},"5":{"start":{"line":28,"column":0},"end":{"line":28,"column":53}},"6":{"start":{"line":31,"column":0},"end":{"line":31,"column":19}},"7":{"start":{"line":32,"column":0},"end":{"line":34,"column":2}},"8":{"start":{"line":35,"column":0},"end":{"line":35,"column":23}},"9":{"start":{"line":36,"column":0},"end":{"line":79,"column":5}},"10":{"start":{"line":38,"column":4},"end":{"line":38,"column":29}},"11":{"start":{"line":40,"column":4},"end":{"line":78,"column":5}},"12":{"start":{"line":42,"column":6},"end":{"line":75,"column":9}},"13":{"start":{"line":43,"column":8},"end":{"line":74,"column":9}},"14":{"start":{"line":44,"column":10},"end":{"line":44,"column":52}},"15":{"start":{"line":45,"column":10},"end":{"line":45,"column":33}},"16":{"start":{"line":46,"column":10},"end":{"line":46,"column":26}},"17":{"start":{"line":48,"column":10},"end":{"line":73,"column":13}},"18":{"start":{"line":49,"column":12},"end":{"line":49,"column":35}},"19":{"start":{"line":50,"column":12},"end":{"line":70,"column":15}},"20":{"start":{"line":51,"column":14},"end":{"line":51,"column":32}},"21":{"start":{"line":53,"column":14},"end":{"line":69,"column":15}},"22":{"start":{"line":55,"column":16},"end":{"line":68,"column":25}},"23":{"start":{"line":71,"column":12},"end":{"line":71,"column":53}},"24":{"start":{"line":72,"column":12},"end":{"line":72,"column":35}},"25":{"start":{"line":81,"column":0},"end":{"line":81,"column":24}}},"branchMap":{"1":{"line":18,"type":"if","locations":[{"start":{"line":18,"column":0},"end":{"line":18,"column":0}},{"start":{"line":18,"column":0},"end":{"line":18,"column":0}}]},"2":{"line":40,"type":"if","locations":[{"start":{"line":40,"column":4},"end":{"line":40,"column":4}},{"start":{"line":40,"column":4},"end":{"line":40,"column":4}}]},"3":{"line":43,"type":"if","locations":[{"start":{"line":43,"column":8},"end":{"line":43,"column":8}},{"start":{"line":43,"column":8},"end":{"line":43,"column":8}}]},"4":{"line":53,"type":"if","locations":[{"start":{"line":53,"column":14},"end":{"line":53,"column":14}},{"start":{"line":53,"column":14},"end":{"line":53,"column":14}}]}}},"/Users/kdao/School/college-recommend/models/feed.js":{"path":"/Users/kdao/School/college-recommend/models/feed.js","s":{"1":1,"2":1,"3":1,"4":1,"5":1,"6":1,"7":1,"8":1,"9":1,"10":1,"11":1,"12":1,"13":1,"14":0,"15":0,"16":0,"17":0,"18":0,"19":0,"20":1,"21":0,"22":0,"23":0,"24":0,"25":0,"26":1,"27":0,"28":0,"29":0,"30":0,"31":0,"32":0,"33":0,"34":0,"35":0,"36":1},"b":{"1":[0,0],"2":[0,0],"3":[0,0]},"f":{"1":0,"2":0,"3":0,"4":0,"5":0,"6":0},"fnMap":{"1":{"name":"feedCollegeData","line":64,"loc":{"start":{"line":64,"column":0},"end":{"line":64,"column":27}}},"2":{"name":"(anonymous_2)","line":65,"loc":{"start":{"line":65,"column":21},"end":{"line":65,"column":47}}},"3":{"name":"formatValue","line":91,"loc":{"start":{"line":91,"column":0},"end":{"line":91,"column":26}}},"4":{"name":"feedLoanData","line":117,"loc":{"start":{"line":117,"column":0},"end":{"line":117,"column":24}}},"5":{"name":"(anonymous_5)","line":120,"loc":{"start":{"line":120,"column":21},"end":{"line":120,"column":47}}},"6":{"name":"(anonymous_6)","line":122,"loc":{"start":{"line":122,"column":31},"end":{"line":122,"column":52}}}},"statementMap":{"1":{"start":{"line":3,"column":0},"end":{"line":3,"column":43}},"2":{"start":{"line":4,"column":0},"end":{"line":4,"column":47}},"3":{"start":{"line":5,"column":0},"end":{"line":5,"column":47}},"4":{"start":{"line":6,"column":0},"end":{"line":6,"column":47}},"5":{"start":{"line":7,"column":0},"end":{"line":7,"column":47}},"6":{"start":{"line":8,"column":0},"end":{"line":8,"column":47}},"7":{"start":{"line":11,"column":0},"end":{"line":11,"column":34}},"8":{"start":{"line":12,"column":0},"end":{"line":12,"column":47}},"9":{"start":{"line":13,"column":0},"end":{"line":13,"column":34}},"10":{"start":{"line":14,"column":0},"end":{"line":14,"column":23}},"11":{"start":{"line":56,"column":0},"end":{"line":56,"column":38}},"12":{"start":{"line":57,"column":0},"end":{"line":61,"column":56}},"13":{"start":{"line":64,"column":0},"end":{"line":89,"column":1}},"14":{"start":{"line":65,"column":2},"end":{"line":88,"column":5}},"15":{"start":{"line":68,"column":4},"end":{"line":68,"column":17}},"16":{"start":{"line":69,"column":4},"end":{"line":86,"column":5}},"17":{"start":{"line":70,"column":6},"end":{"line":70,"column":33}},"18":{"start":{"line":71,"column":6},"end":{"line":85,"column":9}},"19":{"start":{"line":87,"column":4},"end":{"line":87,"column":25}},"20":{"start":{"line":91,"column":0},"end":{"line":99,"column":1}},"21":{"start":{"line":92,"column":2},"end":{"line":98,"column":3}},"22":{"start":{"line":93,"column":4},"end":{"line":93,"column":38}},"23":{"start":{"line":94,"column":4},"end":{"line":94,"column":32}},"24":{"start":{"line":95,"column":4},"end":{"line":95,"column":34}},"25":{"start":{"line":97,"column":4},"end":{"line":97,"column":13}},"26":{"start":{"line":117,"column":0},"end":{"line":149,"column":1}},"27":{"start":{"line":119,"column":2},"end":{"line":119,"column":15}},"28":{"start":{"line":120,"column":2},"end":{"line":148,"column":5}},"29":{"start":{"line":121,"column":4},"end":{"line":121,"column":63}},"30":{"start":{"line":122,"column":4},"end":{"line":147,"column":7}},"31":{"start":{"line":124,"column":6},"end":{"line":144,"column":7}},"32":{"start":{"line":125,"column":8},"end":{"line":125,"column":32}},"33":{"start":{"line":128,"column":8},"end":{"line":143,"column":9}},"34":{"start":{"line":129,"column":10},"end":{"line":142,"column":13}},"35":{"start":{"line":146,"column":6},"end":{"line":146,"column":27}},"36":{"start":{"line":152,"column":0},"end":{"line":155,"column":2}}},"branchMap":{"1":{"line":77,"type":"binary-expr","locations":[{"start":{"line":77,"column":17},"end":{"line":77,"column":25}},{"start":{"line":77,"column":29},"end":{"line":77,"column":34}}]},"2":{"line":95,"type":"binary-expr","locations":[{"start":{"line":95,"column":11},"end":{"line":95,"column":28}},{"start":{"line":95,"column":32},"end":{"line":95,"column":33}}]},"3":{"line":128,"type":"if","locations":[{"start":{"line":128,"column":8},"end":{"line":128,"column":8}},{"start":{"line":128,"column":8},"end":{"line":128,"column":8}}]}}},"/Users/kdao/School/college-recommend/data/sat_sort.js":{"path":"/Users/kdao/School/college-recommend/data/sat_sort.js","s":{"1":1},"b":{},"f":{},"fnMap":{},"statementMap":{"1":{"start":{"line":1,"column":0},"end":{"line":1,"column":215325}}},"branchMap":{}},"/Users/kdao/School/college-recommend/data/sat_sort_1.js":{"path":"/Users/kdao/School/college-recommend/data/sat_sort_1.js","s":{"1":1},"b":{},"f":{},"fnMap":{},"statementMap":{"1":{"start":{"line":1,"column":0},"end":{"line":1,"column":217320}}},"branchMap":{}},"/Users/kdao/School/college-recommend/data/sat_sort_2.js":{"path":"/Users/kdao/School/college-recommend/data/sat_sort_2.js","s":{"1":1},"b":{},"f":{},"fnMap":{},"statementMap":{"1":{"start":{"line":1,"column":0},"end":{"line":1,"column":213654}}},"branchMap":{}},"/Users/kdao/School/college-recommend/data/sat_sort_3.js":{"path":"/Users/kdao/School/college-recommend/data/sat_sort_3.js","s":{"1":1},"b":{},"f":{},"fnMap":{},"statementMap":{"1":{"start":{"line":1,"column":0},"end":{"line":1,"column":209210}}},"branchMap":{}},"/Users/kdao/School/college-recommend/data/sat_sort_4.js":{"path":"/Users/kdao/School/college-recommend/data/sat_sort_4.js","s":{"1":1},"b":{},"f":{},"fnMap":{},"statementMap":{"1":{"start":{"line":1,"column":0},"end":{"line":1,"column":207148}}},"branchMap":{}},"/Users/kdao/School/college-recommend/data/sat_sort_5.js":{"path":"/Users/kdao/School/college-recommend/data/sat_sort_5.js","s":{"1":1},"b":{},"f":{},"fnMap":{},"statementMap":{"1":{"start":{"line":1,"column":0},"end":{"line":1,"column":201841}}},"branchMap":{}}}