TN:
SF:/Users/kdao/School/college-recommend/index.js
FN:18,(anonymous_1)
FNF:1
FNH:1
FNDA:1,(anonymous_1)
DA:3,1
DA:13,1
DA:14,1
DA:16,1
DA:18,1
DA:19,1
LF:6
LH:6
BRDA:10,1,0,1
BRDA:10,1,1,0
BRF:2
BRH:1
end_of_record
TN:
SF:/Users/kdao/School/college-recommend/controllers/index.js
FNF:0
FNH:0
DA:3,1
DA:14,1
DA:16,1
DA:18,1
DA:20,1
DA:22,1
LF:6
LH:6
BRF:0
BRH:0
end_of_record
TN:
SF:/Users/kdao/School/college-recommend/controllers/home.js
FNF:0
FNH:0
DA:3,1
DA:14,1
LF:2
LH:2
BRF:0
BRH:0
end_of_record
TN:
SF:/Users/kdao/School/college-recommend/controllers/data.js
FN:16,(anonymous_1)
FN:23,(anonymous_2)
FN:40,(anonymous_3)
FN:46,(anonymous_4)
FNF:4
FNH:0
FNDA:0,(anonymous_1)
FNDA:0,(anonymous_2)
FNDA:0,(anonymous_3)
FNDA:0,(anonymous_4)
DA:7,1
DA:15,1
DA:17,0
DA:23,0
DA:24,0
DA:25,0
DA:27,0
DA:28,0
DA:30,0
DA:31,0
DA:33,0
DA:41,0
DA:45,1
DA:47,0
DA:50,1
LF:15
LH:4
BRDA:20,1,0,0
BRDA:20,1,1,0
BRDA:21,2,0,0
BRDA:21,2,1,0
BRDA:22,3,0,0
BRDA:22,3,1,0
BRDA:24,4,0,0
BRDA:24,4,1,0
BRF:8
BRH:0
end_of_record
TN:
SF:/Users/kdao/School/college-recommend/models/pull.js
FN:10,getData
FN:48,getLoanData
FN:65,(anonymous_3)
FNF:3
FNH:1
FNDA:0,getData
FNDA:0,getLoanData
FNDA:1,(anonymous_3)
DA:7,1
DA:8,1
DA:10,1
DA:11,0
DA:15,0
DA:16,0
DA:17,0
DA:18,0
DA:26,0
DA:27,0
DA:48,1
DA:49,0
DA:50,0
DA:51,0
DA:57,0
DA:58,0
DA:65,1
DA:66,1
LF:18
LH:6
BRDA:14,1,0,0
BRDA:14,1,1,0
BRDA:16,2,0,0
BRDA:16,2,1,0
BRDA:16,3,0,0
BRDA:16,3,1,0
BRDA:49,4,0,0
BRDA:49,4,1,0
BRDA:49,5,0,0
BRDA:49,5,1,0
BRF:10
BRH:0
end_of_record
TN:
SF:/Users/kdao/School/college-recommend/models/table.js
FNF:0
FNH:0
DA:7,1
DA:13,1
DA:14,0
DA:20,1
DA:23,1
DA:25,1
DA:56,1
DA:83,1
LF:8
LH:7
BRDA:13,1,0,0
BRDA:13,1,1,1
BRF:2
BRH:1
end_of_record
TN:
SF:/Users/kdao/School/college-recommend/config/config.js
FNF:0
FNH:0
DA:3,1
LF:1
LH:1
BRF:0
BRH:0
end_of_record
TN:
SF:/Users/kdao/School/college-recommend/controllers/recommend.js
FN:19,(anonymous_1)
FNF:1
FNH:0
FNDA:0,(anonymous_1)
DA:7,1
DA:18,1
DA:23,1
LF:3
LH:3
BRF:0
BRH:0
end_of_record
TN:
SF:/Users/kdao/School/college-recommend/controllers/feed.js
FN:37,(anonymous_1)
FN:42,(anonymous_2)
FN:48,(anonymous_3)
FN:50,(anonymous_4)
FNF:4
FNH:0
FNDA:0,(anonymous_1)
FNDA:0,(anonymous_2)
FNDA:0,(anonymous_3)
FNDA:0,(anonymous_4)
DA:7,1
DA:18,1
DA:19,0
DA:25,1
DA:28,1
DA:31,1
DA:32,1
DA:35,1
DA:36,1
DA:38,0
DA:40,0
DA:42,0
DA:43,0
DA:44,0
DA:45,0
DA:46,0
DA:48,0
DA:49,0
DA:50,0
DA:51,0
DA:53,0
DA:55,0
DA:71,0
DA:72,0
DA:81,1
LF:25
LH:9
BRDA:18,1,0,0
BRDA:18,1,1,1
BRDA:40,2,0,0
BRDA:40,2,1,0
BRDA:43,3,0,0
BRDA:43,3,1,0
BRDA:53,4,0,0
BRDA:53,4,1,0
BRF:8
BRH:1
end_of_record
TN:
SF:/Users/kdao/School/college-recommend/models/feed.js
FN:64,feedCollegeData
FN:65,(anonymous_2)
FN:91,formatValue
FN:117,feedLoanData
FN:120,(anonymous_5)
FN:122,(anonymous_6)
FNF:6
FNH:0
FNDA:0,feedCollegeData
FNDA:0,(anonymous_2)
FNDA:0,formatValue
FNDA:0,feedLoanData
FNDA:0,(anonymous_5)
FNDA:0,(anonymous_6)
DA:3,1
DA:4,1
DA:5,1
DA:6,1
DA:7,1
DA:8,1
DA:11,1
DA:12,1
DA:13,1
DA:14,1
DA:56,1
DA:57,1
DA:64,1
DA:65,0
DA:68,0
DA:69,0
DA:70,0
DA:71,0
DA:87,0
DA:91,1
DA:92,0
DA:93,0
DA:94,0
DA:95,0
DA:97,0
DA:117,1
DA:119,0
DA:120,0
DA:121,0
DA:122,0
DA:124,0
DA:125,0
DA:128,0
DA:129,0
DA:146,0
DA:152,1
LF:36
LH:16
BRDA:77,1,0,0
BRDA:77,1,1,0
BRDA:95,2,0,0
BRDA:95,2,1,0
BRDA:128,3,0,0
BRDA:128,3,1,0
BRF:6
BRH:0
end_of_record
TN:
SF:/Users/kdao/School/college-recommend/data/sat_sort.js
FNF:0
FNH:0
DA:1,1
LF:1
LH:1
BRF:0
BRH:0
end_of_record
TN:
SF:/Users/kdao/School/college-recommend/data/sat_sort_1.js
FNF:0
FNH:0
DA:1,1
LF:1
LH:1
BRF:0
BRH:0
end_of_record
TN:
SF:/Users/kdao/School/college-recommend/data/sat_sort_2.js
FNF:0
FNH:0
DA:1,1
LF:1
LH:1
BRF:0
BRH:0
end_of_record
TN:
SF:/Users/kdao/School/college-recommend/data/sat_sort_3.js
FNF:0
FNH:0
DA:1,1
LF:1
LH:1
BRF:0
BRH:0
end_of_record
TN:
SF:/Users/kdao/School/college-recommend/data/sat_sort_4.js
FNF:0
FNH:0
DA:1,1
LF:1
LH:1
BRF:0
BRH:0
end_of_record
TN:
SF:/Users/kdao/School/college-recommend/data/sat_sort_5.js
FNF:0
FNH:0
DA:1,1
LF:1
LH:1
BRF:0
BRH:0
end_of_record
